<?xml version="1.0" encoding="UTF-8"?>
<!-- Generated by org.testng.reporters.JUnitXMLReporter -->
<testsuite hostname="WS-QA-08" name="Default test" tests="14" failures="0" timestamp="17 Sep 2015 12:07:47 GMT" time="176.475" errors="0">
  <testcase name="auth" time="22.672" classname="letoapp.tests.OpenDepositScreensTest"/>
  <testcase name="openDepositTest" time="9.158" classname="letoapp.tests.OpenDepositScreensTest"/>
  <testcase name="depositScreenDepositTabVerify" time="2.523" classname="letoapp.tests.OpenDepositScreensTest"/>
  <testcase name="changeDisplayNameTest" time="30.166" classname="letoapp.tests.OpenDepositScreensTest"/>
  <testcase name="unwrapDepositInfoTest" time="4.125" classname="letoapp.tests.OpenDepositScreensTest"/>
  <testcase name="unwrapDepositBreakdownTest" time="3.99" classname="letoapp.tests.OpenDepositScreensTest"/>
  <testcase name="whatIfScreenTest" time="2.258" classname="letoapp.tests.OpenDepositScreensTest"/>
  <testcase name="openInLetoBankOfficesScreenTest" time="12.045" classname="letoapp.tests.OpenDepositScreensTest"/>
  <testcase name="getQRCodeTest" time="7.084" classname="letoapp.tests.OpenDepositScreensTest"/>
  <testcase name="openAnotherBankPaymentScreenTest" time="12.71" classname="letoapp.tests.OpenDepositScreensTest"/>
  <testcase name="openPaymentSystemsTerminalsScreenTest" time="12.671" classname="letoapp.tests.OpenDepositScreensTest"/>
  <testcase name="depositScreeenInfoTabVerify" time="11.137" classname="letoapp.tests.OpenDepositScreensTest"/>
  <testcase name="depositOperationsScreenTest" time="19.954" classname="letoapp.tests.OpenDepositScreensTest"/>
  <testcase name="exit" time="7.571" classname="letoapp.tests.OpenDepositScreensTest"/>
</testsuite> <!-- Default test -->
