<?xml version="1.0" encoding="UTF-8"?>
<!-- Generated by org.testng.reporters.JUnitXMLReporter -->
<testsuite hostname="WS-QA-08" name="Default test" tests="8" failures="0" timestamp="16 Sep 2015 13:24:27 GMT" time="119.229" errors="0">
  <testcase name="auth" time="17.125" classname="letoapp.tests.CanceledDepositScreensTest"/>
  <testcase name="openDepositsListTest" time="2.578" classname="letoapp.tests.CanceledDepositScreensTest"/>
  <testcase name="openDepositFromDepositsListTest" time="6.805" classname="letoapp.tests.CanceledDepositScreensTest"/>
  <testcase name="depositScreenDepositTabVerify" time="1.867" classname="letoapp.tests.CanceledDepositScreensTest"/>
  <testcase name="changeDisplayNameTest" time="33.044" classname="letoapp.tests.CanceledDepositScreensTest"/>
  <testcase name="depositScreeenInfoTabVerify" time="5.084" classname="letoapp.tests.CanceledDepositScreensTest"/>
  <testcase name="depositOperationsScreenTest" time="22.979" classname="letoapp.tests.CanceledDepositScreensTest"/>
  <testcase name="exit" time="8.994" classname="letoapp.tests.CanceledDepositScreensTest"/>
</testsuite> <!-- Default test -->
