<?xml version="1.0" encoding="UTF-8"?>
<!-- Generated by org.testng.reporters.JUnitXMLReporter -->
<testsuite hostname="WS-QA-08" name="Command line test" tests="128" failures="0" timestamp="16 Sep 2015 12:42:23 GMT" time="34.071" errors="0">
  <testcase name="@BeforeClass setUp" time="0.0" classname="letoapp.tests.CanceledDepositScreensTest">
    <failure type="org.openqa.selenium.SessionNotCreatedException" message="Error starting Selendroid session
Command duration or timeout: 30.78 seconds
Build info: version: &amp;apos;2.47.0&amp;apos;, revision: &amp;apos;0e4837e94b1fad0db93e88cd972ed3e235a22892&amp;apos;, time: &amp;apos;2015-07-29 15:58:41&amp;apos;
System info: host: &amp;apos;WS-QA-08&amp;apos;, ip: &amp;apos;192.168.4.33&amp;apos;, os.name: &amp;apos;Windows 7&amp;apos;, os.arch: &amp;apos;amd64&amp;apos;, os.version: &amp;apos;6.1&amp;apos;, java.version: &amp;apos;1.8.0_51&amp;apos;
Driver info: io.selendroid.client.SelendroidDriver">
      <![CDATA[org.openqa.selenium.SessionNotCreatedException: Error starting Selendroid session
Command duration or timeout: 30.78 seconds
Build info: version: '2.47.0', revision: '0e4837e94b1fad0db93e88cd972ed3e235a22892', time: '2015-07-29 15:58:41'
System info: host: 'WS-QA-08', ip: '192.168.4.33', os.name: 'Windows 7', os.arch: 'amd64', os.version: '6.1', java.version: '1.8.0_51'
Driver info: io.selendroid.client.SelendroidDriver
	at org.openqa.selenium.remote.ErrorHandler.createThrowable(ErrorHandler.java:206)
	at org.openqa.selenium.remote.ErrorHandler.throwIfResponseFailed(ErrorHandler.java:158)
	at org.openqa.selenium.remote.RemoteWebDriver.execute(RemoteWebDriver.java:595)
	at org.openqa.selenium.remote.RemoteWebDriver.startSession(RemoteWebDriver.java:242)
	at org.openqa.selenium.remote.RemoteWebDriver.<init>(RemoteWebDriver.java:128)
	at org.openqa.selenium.remote.RemoteWebDriver.<init>(RemoteWebDriver.java:141)
	at io.selendroid.client.SelendroidDriver.<init>(SelendroidDriver.java:75)
	at io.selendroid.client.SelendroidDriver.<init>(SelendroidDriver.java:84)
	at letoapp.AppManager.initDriver(AppManager.java:446)
	at letoapp.SetUpForSuiteBase.setUp(SetUpForSuiteBase.java:31)
Caused by: io.selendroid.server.common.exceptions.SessionNotCreatedException: Error starting Selendroid session
... Removed 38 stack frames]]>
    </failure>
  </testcase> <!-- @BeforeClass setUp -->
  <testcase name="@BeforeClass setUp" time="0.0" classname="letoapp.tests.CardScreensTest">
    <skipped/>
  </testcase> <!-- @BeforeClass setUp -->
  <testcase name="@BeforeClass setUp" time="0.0" classname="letoapp.tests.ClosedDepositScreensTest">
    <skipped/>
  </testcase> <!-- @BeforeClass setUp -->
  <testcase name="@BeforeClass setUp" time="0.0" classname="letoapp.tests.DevelopTest">
    <skipped/>
  </testcase> <!-- @BeforeClass setUp -->
  <testcase name="@BeforeClass setUp" time="0.0" classname="letoapp.tests.NotZeroWalletScreensTest">
    <skipped/>
  </testcase> <!-- @BeforeClass setUp -->
  <testcase name="@BeforeClass setUp" time="0.0" classname="letoapp.tests.OpenDepositScreensTest">
    <skipped/>
  </testcase> <!-- @BeforeClass setUp -->
  <testcase name="@BeforeClass setUp" time="0.0" classname="letoapp.tests.OpenLoanScreensTest">
    <skipped/>
  </testcase> <!-- @BeforeClass setUp -->
  <testcase name="@BeforeClass setUp" time="0.0" classname="letoapp.tests.PreclosedLoanScreensTest">
    <skipped/>
  </testcase> <!-- @BeforeClass setUp -->
  <testcase name="@BeforeClass setUp" time="0.0" classname="letoapp.tests.ZeroWalletScreensTest">
    <skipped/>
  </testcase> <!-- @BeforeClass setUp -->
  <testcase name="@AfterClass tearDown" time="0.0" classname="letoapp.tests.CanceledDepositScreensTest">
    <skipped/>
  </testcase> <!-- @AfterClass tearDown -->
  <testcase name="@AfterClass tearDown" time="0.0" classname="letoapp.tests.ClosedDepositScreensTest">
    <skipped/>
  </testcase> <!-- @AfterClass tearDown -->
  <testcase name="@AfterClass tearDown" time="0.0" classname="letoapp.tests.DevelopTest">
    <skipped/>
  </testcase> <!-- @AfterClass tearDown -->
  <testcase name="@AfterClass tearDown" time="0.0" classname="letoapp.tests.OpenLoanScreensTest">
    <skipped/>
  </testcase> <!-- @AfterClass tearDown -->
  <testcase name="@AfterClass tearDown" time="0.0" classname="letoapp.tests.PreclosedLoanScreensTest">
    <skipped/>
  </testcase> <!-- @AfterClass tearDown -->
  <testcase name="@AfterClass tearDown" time="0.0" classname="letoapp.tests.CardScreensTest">
    <skipped/>
  </testcase> <!-- @AfterClass tearDown -->
  <testcase name="@AfterClass tearDown" time="0.0" classname="letoapp.tests.NotZeroWalletScreensTest">
    <skipped/>
  </testcase> <!-- @AfterClass tearDown -->
  <testcase name="@AfterClass tearDown" time="0.0" classname="letoapp.tests.OpenDepositScreensTest">
    <skipped/>
  </testcase> <!-- @AfterClass tearDown -->
  <testcase name="@AfterClass tearDown" time="0.0" classname="letoapp.tests.ZeroWalletScreensTest">
    <skipped/>
  </testcase> <!-- @AfterClass tearDown -->
  <testcase name="auth" time="0.001" classname="letoapp.tests.CanceledDepositScreensTest">
    <skipped/>
  </testcase> <!-- auth -->
  <testcase name="auth" time="0.0" classname="letoapp.tests.CardScreensTest">
    <skipped/>
  </testcase> <!-- auth -->
  <testcase name="auth" time="0.0" classname="letoapp.tests.ClosedDepositScreensTest">
    <skipped/>
  </testcase> <!-- auth -->
  <testcase name="auth" time="0.0" classname="letoapp.tests.DevelopTest">
    <skipped/>
  </testcase> <!-- auth -->
  <testcase name="auth" time="0.0" classname="letoapp.tests.NotZeroWalletScreensTest">
    <skipped/>
  </testcase> <!-- auth -->
  <testcase name="auth" time="0.0" classname="letoapp.tests.OpenDepositScreensTest">
    <skipped/>
  </testcase> <!-- auth -->
  <testcase name="auth" time="0.0" classname="letoapp.tests.OpenLoanScreensTest">
    <skipped/>
  </testcase> <!-- auth -->
  <testcase name="auth" time="0.0" classname="letoapp.tests.PreclosedLoanScreensTest">
    <skipped/>
  </testcase> <!-- auth -->
  <testcase name="auth" time="0.0" classname="letoapp.tests.ZeroWalletScreensTest">
    <skipped/>
  </testcase> <!-- auth -->
  <testcase name="openCardTest" time="0.0" classname="letoapp.tests.CardScreensTest">
    <skipped/>
  </testcase> <!-- openCardTest -->
  <testcase name="openLoanTest" time="0.0" classname="letoapp.tests.OpenLoanScreensTest">
    <skipped/>
  </testcase> <!-- openLoanTest -->
  <testcase name="openPreclosedLoanTest" time="0.0" classname="letoapp.tests.PreclosedLoanScreensTest">
    <skipped/>
  </testcase> <!-- openPreclosedLoanTest -->
  <testcase name="openDepositsListTest" time="0.0" classname="letoapp.tests.CanceledDepositScreensTest">
    <skipped/>
  </testcase> <!-- openDepositsListTest -->
  <testcase name="openDepositsListTest" time="0.0" classname="letoapp.tests.ClosedDepositScreensTest">
    <skipped/>
  </testcase> <!-- openDepositsListTest -->
  <testcase name="openDepositsListTest" time="0.0" classname="letoapp.tests.DevelopTest">
    <skipped/>
  </testcase> <!-- openDepositsListTest -->
  <testcase name="openWalletTest" time="0.0" classname="letoapp.tests.NotZeroWalletScreensTest">
    <skipped/>
  </testcase> <!-- openWalletTest -->
  <testcase name="openDepositTest" time="0.0" classname="letoapp.tests.OpenDepositScreensTest">
    <skipped/>
  </testcase> <!-- openDepositTest -->
  <testcase name="openWalletTest" time="0.0" classname="letoapp.tests.ZeroWalletScreensTest">
    <skipped/>
  </testcase> <!-- openWalletTest -->
  <testcase name="openDepositFromDepositsListTest" time="0.0" classname="letoapp.tests.CanceledDepositScreensTest">
    <skipped/>
  </testcase> <!-- openDepositFromDepositsListTest -->
  <testcase name="openDepositFromDepositsListTest" time="0.0" classname="letoapp.tests.ClosedDepositScreensTest">
    <skipped/>
  </testcase> <!-- openDepositFromDepositsListTest -->
  <testcase name="openDepositFromDepositsListTest" time="0.0" classname="letoapp.tests.DevelopTest">
    <skipped/>
  </testcase> <!-- openDepositFromDepositsListTest -->
  <testcase name="loanScreenPaymentTabVerify" time="0.0" classname="letoapp.tests.OpenLoanScreensTest">
    <skipped/>
  </testcase> <!-- loanScreenPaymentTabVerify -->
  <testcase name="loanScreenPaymentTabVerify" time="0.0" classname="letoapp.tests.PreclosedLoanScreensTest">
    <skipped/>
  </testcase> <!-- loanScreenPaymentTabVerify -->
  <testcase name="changeDisplayNameTest" time="0.0" classname="letoapp.tests.OpenLoanScreensTest">
    <skipped/>
  </testcase> <!-- changeDisplayNameTest -->
  <testcase name="changeDisplayNameTest" time="0.0" classname="letoapp.tests.PreclosedLoanScreensTest">
    <skipped/>
  </testcase> <!-- changeDisplayNameTest -->
  <testcase name="cardScreenCardTabVerify" time="0.0" classname="letoapp.tests.CardScreensTest">
    <skipped/>
  </testcase> <!-- cardScreenCardTabVerify -->
  <testcase name="openPaymentScheduleTest" time="0.0" classname="letoapp.tests.OpenLoanScreensTest">
    <skipped/>
  </testcase> <!-- openPaymentScheduleTest -->
  <testcase name="openPaymentScheduleTest" time="0.0" classname="letoapp.tests.PreclosedLoanScreensTest">
    <skipped/>
  </testcase> <!-- openPaymentScheduleTest -->
  <testcase name="changeDisplayNameTest" time="0.0" classname="letoapp.tests.CardScreensTest">
    <skipped/>
  </testcase> <!-- changeDisplayNameTest -->
  <testcase name="blockedFundsScreenTest" time="0.0" classname="letoapp.tests.CardScreensTest">
    <skipped/>
  </testcase> <!-- blockedFundsScreenTest -->
  <testcase name="walletScreenWalletTabVerify" time="0.0" classname="letoapp.tests.NotZeroWalletScreensTest">
    <skipped/>
  </testcase> <!-- walletScreenWalletTabVerify -->
  <testcase name="depositScreenDepositTabVerify" time="0.0" classname="letoapp.tests.OpenDepositScreensTest">
    <skipped/>
  </testcase> <!-- depositScreenDepositTabVerify -->
  <testcase name="walletScreenWalletTabVerify" time="0.0" classname="letoapp.tests.ZeroWalletScreensTest">
    <skipped/>
  </testcase> <!-- walletScreenWalletTabVerify -->
  <testcase name="openWhatIfScreenTest" time="0.0" classname="letoapp.tests.OpenLoanScreensTest">
    <skipped/>
  </testcase> <!-- openWhatIfScreenTest -->
  <testcase name="blockFundsTest" time="0.0" classname="letoapp.tests.CardScreensTest">
    <skipped/>
  </testcase> <!-- blockFundsTest -->
  <testcase name="walletOperationsTest" time="0.0" classname="letoapp.tests.NotZeroWalletScreensTest">
    <skipped/>
  </testcase> <!-- walletOperationsTest -->
  <testcase name="changeDisplayNameTest" time="0.0" classname="letoapp.tests.OpenDepositScreensTest">
    <skipped/>
  </testcase> <!-- changeDisplayNameTest -->
  <testcase name="walletOperationsTest" time="0.0" classname="letoapp.tests.ZeroWalletScreensTest">
    <skipped/>
  </testcase> <!-- walletOperationsTest -->
  <testcase name="depositScreenDepositTabVerify" time="0.0" classname="letoapp.tests.CanceledDepositScreensTest">
    <skipped/>
  </testcase> <!-- depositScreenDepositTabVerify -->
  <testcase name="depositScreenDepositTabVerify" time="0.0" classname="letoapp.tests.ClosedDepositScreensTest">
    <skipped/>
  </testcase> <!-- depositScreenDepositTabVerify -->
  <testcase name="depositScreenDepositTabVerify" time="0.0" classname="letoapp.tests.DevelopTest">
    <skipped/>
  </testcase> <!-- depositScreenDepositTabVerify -->
  <testcase name="openPartRepaymentScreenTest" time="0.0" classname="letoapp.tests.OpenLoanScreensTest">
    <skipped/>
  </testcase> <!-- openPartRepaymentScreenTest -->
  <testcase name="openFullRepaymentTest" time="0.0" classname="letoapp.tests.OpenLoanScreensTest">
    <skipped/>
  </testcase> <!-- openFullRepaymentTest -->
  <testcase name="openSkipPaymentFromWhatIfScreenTest" time="0.0" classname="letoapp.tests.OpenLoanScreensTest">
    <skipped/>
  </testcase> <!-- openSkipPaymentFromWhatIfScreenTest -->
  <testcase name="openReducePaymentFromWhatIfScreenTest" time="0.0" classname="letoapp.tests.OpenLoanScreensTest">
    <skipped/>
  </testcase> <!-- openReducePaymentFromWhatIfScreenTest -->
  <testcase name="openChangePaymentDateFromWhatIfScreenTest" time="0.0" classname="letoapp.tests.OpenLoanScreensTest">
    <skipped/>
  </testcase> <!-- openChangePaymentDateFromWhatIfScreenTest -->
  <testcase name="openInLetoBankOfficesScreenTest" time="0.0" classname="letoapp.tests.OpenLoanScreensTest">
    <skipped/>
  </testcase> <!-- openInLetoBankOfficesScreenTest -->
  <testcase name="openWithdrawMoneyInATMScreenTest" time="0.0" classname="letoapp.tests.PreclosedLoanScreensTest">
    <skipped/>
  </testcase> <!-- openWithdrawMoneyInATMScreenTest -->
  <testcase name="unblockFundsTest" time="0.0" classname="letoapp.tests.CardScreensTest">
    <skipped/>
  </testcase> <!-- unblockFundsTest -->
  <testcase name="openInLetoBankOfficesScreenTest" time="0.0" classname="letoapp.tests.NotZeroWalletScreensTest">
    <skipped/>
  </testcase> <!-- openInLetoBankOfficesScreenTest -->
  <testcase name="unwrapDepositInfoTest" time="0.0" classname="letoapp.tests.OpenDepositScreensTest">
    <skipped/>
  </testcase> <!-- unwrapDepositInfoTest -->
  <testcase name="openInLetoBankOfficesScreenTest" time="0.0" classname="letoapp.tests.ZeroWalletScreensTest">
    <skipped/>
  </testcase> <!-- openInLetoBankOfficesScreenTest -->
  <testcase name="changeDisplayNameTest" time="0.0" classname="letoapp.tests.CanceledDepositScreensTest">
    <skipped/>
  </testcase> <!-- changeDisplayNameTest -->
  <testcase name="changeDisplayNameTest" time="0.0" classname="letoapp.tests.ClosedDepositScreensTest">
    <skipped/>
  </testcase> <!-- changeDisplayNameTest -->
  <testcase name="changeDisplayNameTest" time="0.0" classname="letoapp.tests.DevelopTest">
    <skipped/>
  </testcase> <!-- changeDisplayNameTest -->
  <testcase name="unwrapDepositBreakdownTest" time="0.0" classname="letoapp.tests.OpenDepositScreensTest">
    <skipped/>
  </testcase> <!-- unwrapDepositBreakdownTest -->
  <testcase name="unwrapDepositBreakdownTest" time="0.0" classname="letoapp.tests.ClosedDepositScreensTest">
    <skipped/>
  </testcase> <!-- unwrapDepositBreakdownTest -->
  <testcase name="whatIfScreenTest" time="0.0" classname="letoapp.tests.OpenDepositScreensTest">
    <skipped/>
  </testcase> <!-- whatIfScreenTest -->
  <testcase name="getQRCodeTest" time="0.0" classname="letoapp.tests.OpenLoanScreensTest">
    <skipped/>
  </testcase> <!-- getQRCodeTest -->
  <testcase name="openAnotherBankPaymentScreenTest" time="0.0" classname="letoapp.tests.OpenLoanScreensTest">
    <skipped/>
  </testcase> <!-- openAnotherBankPaymentScreenTest -->
  <testcase name="getQRCodeTest" time="0.0" classname="letoapp.tests.PreclosedLoanScreensTest">
    <skipped/>
  </testcase> <!-- getQRCodeTest -->
  <testcase name="howWorksBlockFundsScreenTest" time="0.0" classname="letoapp.tests.CardScreensTest">
    <skipped/>
  </testcase> <!-- howWorksBlockFundsScreenTest -->
  <testcase name="getQRCodeTest" time="0.0" classname="letoapp.tests.NotZeroWalletScreensTest">
    <skipped/>
  </testcase> <!-- getQRCodeTest -->
  <testcase name="openInLetoBankOfficesScreenTest" time="0.0" classname="letoapp.tests.OpenDepositScreensTest">
    <skipped/>
  </testcase> <!-- openInLetoBankOfficesScreenTest -->
  <testcase name="getQRCodeTest" time="0.0" classname="letoapp.tests.ZeroWalletScreensTest">
    <skipped/>
  </testcase> <!-- getQRCodeTest -->
  <testcase name="depositScreeenInfoTabVerify" time="0.0" classname="letoapp.tests.CanceledDepositScreensTest">
    <skipped/>
  </testcase> <!-- depositScreeenInfoTabVerify -->
  <testcase name="depositScreeenInfoTabVerify" time="0.0" classname="letoapp.tests.ClosedDepositScreensTest">
    <skipped/>
  </testcase> <!-- depositScreeenInfoTabVerify -->
  <testcase name="depositScreeenInfoTabVerify" time="0.0" classname="letoapp.tests.DevelopTest">
    <skipped/>
  </testcase> <!-- depositScreeenInfoTabVerify -->
  <testcase name="openPaymentSystemsTerminalsScreenTest" time="0.0" classname="letoapp.tests.OpenLoanScreensTest">
    <skipped/>
  </testcase> <!-- openPaymentSystemsTerminalsScreenTest -->
  <testcase name="cardOperationsScreenTest" time="0.0" classname="letoapp.tests.CardScreensTest">
    <skipped/>
  </testcase> <!-- cardOperationsScreenTest -->
  <testcase name="openAnotherBankPaymentScreenTest" time="0.0" classname="letoapp.tests.NotZeroWalletScreensTest">
    <skipped/>
  </testcase> <!-- openAnotherBankPaymentScreenTest -->
  <testcase name="getQRCodeTest" time="0.0" classname="letoapp.tests.OpenDepositScreensTest">
    <skipped/>
  </testcase> <!-- getQRCodeTest -->
  <testcase name="openAnotherBankPaymentScreenTest" time="0.0" classname="letoapp.tests.ZeroWalletScreensTest">
    <skipped/>
  </testcase> <!-- openAnotherBankPaymentScreenTest -->
  <testcase name="depositOperationsScreenTest" time="0.0" classname="letoapp.tests.CanceledDepositScreensTest">
    <skipped/>
  </testcase> <!-- depositOperationsScreenTest -->
  <testcase name="depositOperationsScreenTest" time="0.0" classname="letoapp.tests.ClosedDepositScreensTest">
    <skipped/>
  </testcase> <!-- depositOperationsScreenTest -->
  <testcase name="depositOperationsScreenTest" time="0.0" classname="letoapp.tests.DevelopTest">
    <skipped/>
  </testcase> <!-- depositOperationsScreenTest -->
  <testcase name="loanScreenInfoTabVerify" time="0.0" classname="letoapp.tests.OpenLoanScreensTest">
    <skipped/>
  </testcase> <!-- loanScreenInfoTabVerify -->
  <testcase name="loanScreenInfoTabVerify" time="0.0" classname="letoapp.tests.PreclosedLoanScreensTest">
    <skipped/>
  </testcase> <!-- loanScreenInfoTabVerify -->
  <testcase name="mandatoryPaymentClickabilityTest" time="0.0" classname="letoapp.tests.CardScreensTest">
    <skipped/>
  </testcase> <!-- mandatoryPaymentClickabilityTest -->
  <testcase name="openPaymentSystemsTerminalsScreenTest" time="0.0" classname="letoapp.tests.NotZeroWalletScreensTest">
    <skipped/>
  </testcase> <!-- openPaymentSystemsTerminalsScreenTest -->
  <testcase name="openAnotherBankPaymentScreenTest" time="0.0" classname="letoapp.tests.OpenDepositScreensTest">
    <skipped/>
  </testcase> <!-- openAnotherBankPaymentScreenTest -->
  <testcase name="openPaymentSystemsTerminalsScreenTest" time="0.0" classname="letoapp.tests.ZeroWalletScreensTest">
    <skipped/>
  </testcase> <!-- openPaymentSystemsTerminalsScreenTest -->
  <testcase name="exit" time="0.0" classname="letoapp.tests.CanceledDepositScreensTest">
    <skipped/>
  </testcase> <!-- exit -->
  <testcase name="exit" time="0.0" classname="letoapp.tests.ClosedDepositScreensTest">
    <skipped/>
  </testcase> <!-- exit -->
  <testcase name="exit" time="0.0" classname="letoapp.tests.DevelopTest">
    <skipped/>
  </testcase> <!-- exit -->
  <testcase name="openContractScreenTest" time="0.0" classname="letoapp.tests.OpenLoanScreensTest">
    <skipped/>
  </testcase> <!-- openContractScreenTest -->
  <testcase name="openContractScreenTest" time="0.0" classname="letoapp.tests.PreclosedLoanScreensTest">
    <skipped/>
  </testcase> <!-- openContractScreenTest -->
  <testcase name="openLoanOperationScreenTest" time="0.0" classname="letoapp.tests.OpenLoanScreensTest">
    <skipped/>
  </testcase> <!-- openLoanOperationScreenTest -->
  <testcase name="openLoanOperationScreenTest" time="0.0" classname="letoapp.tests.PreclosedLoanScreensTest">
    <skipped/>
  </testcase> <!-- openLoanOperationScreenTest -->
  <testcase name="whatIfScreenTest" time="0.0" classname="letoapp.tests.CardScreensTest">
    <skipped/>
  </testcase> <!-- whatIfScreenTest -->
  <testcase name="walletScreeenInfoTabVerify" time="0.0" classname="letoapp.tests.NotZeroWalletScreensTest">
    <skipped/>
  </testcase> <!-- walletScreeenInfoTabVerify -->
  <testcase name="openPaymentSystemsTerminalsScreenTest" time="0.0" classname="letoapp.tests.OpenDepositScreensTest">
    <skipped/>
  </testcase> <!-- openPaymentSystemsTerminalsScreenTest -->
  <testcase name="walletScreeenInfoTabVerify" time="0.0" classname="letoapp.tests.ZeroWalletScreensTest">
    <skipped/>
  </testcase> <!-- walletScreeenInfoTabVerify -->
  <testcase name="openInLetoBankOfficesScreenTest" time="0.0" classname="letoapp.tests.CardScreensTest">
    <skipped/>
  </testcase> <!-- openInLetoBankOfficesScreenTest -->
  <testcase name="getQRCodeTest" time="0.0" classname="letoapp.tests.CardScreensTest">
    <skipped/>
  </testcase> <!-- getQRCodeTest -->
  <testcase name="openAnotherBankPaymentScreenTest" time="0.0" classname="letoapp.tests.CardScreensTest">
    <skipped/>
  </testcase> <!-- openAnotherBankPaymentScreenTest -->
  <testcase name="openPaymentSystemsTerminalsScreenTest" time="0.0" classname="letoapp.tests.CardScreensTest">
    <skipped/>
  </testcase> <!-- openPaymentSystemsTerminalsScreenTest -->
  <testcase name="openInsuranceScreenTest" time="0.0" classname="letoapp.tests.OpenLoanScreensTest">
    <skipped/>
  </testcase> <!-- openInsuranceScreenTest -->
  <testcase name="openInsuranceScreenTest" time="0.0" classname="letoapp.tests.PreclosedLoanScreensTest">
    <skipped/>
  </testcase> <!-- openInsuranceScreenTest -->
  <testcase name="cardScreeenInfoTabVerify" time="0.0" classname="letoapp.tests.CardScreensTest">
    <skipped/>
  </testcase> <!-- cardScreeenInfoTabVerify -->
  <testcase name="walletOperationsFromInfoTabTest" time="0.0" classname="letoapp.tests.NotZeroWalletScreensTest">
    <skipped/>
  </testcase> <!-- walletOperationsFromInfoTabTest -->
  <testcase name="depositScreeenInfoTabVerify" time="0.0" classname="letoapp.tests.OpenDepositScreensTest">
    <skipped/>
  </testcase> <!-- depositScreeenInfoTabVerify -->
  <testcase name="walletOperationsFromInfoTabTest" time="0.0" classname="letoapp.tests.ZeroWalletScreensTest">
    <skipped/>
  </testcase> <!-- walletOperationsFromInfoTabTest -->
  <testcase name="howToUseCardScreenTest" time="0.0" classname="letoapp.tests.CardScreensTest">
    <skipped/>
  </testcase> <!-- howToUseCardScreenTest -->
  <testcase name="openPaymentsScheduleScreenFromInfoTabTest" time="0.0" classname="letoapp.tests.OpenLoanScreensTest">
    <skipped/>
  </testcase> <!-- openPaymentsScheduleScreenFromInfoTabTest -->
  <testcase name="openPaymentsScheduleScreenFromInfoTabTest" time="0.0" classname="letoapp.tests.PreclosedLoanScreensTest">
    <skipped/>
  </testcase> <!-- openPaymentsScheduleScreenFromInfoTabTest -->
  <testcase name="cardOperationsFromInfoTabTest" time="0.0" classname="letoapp.tests.CardScreensTest">
    <skipped/>
  </testcase> <!-- cardOperationsFromInfoTabTest -->
  <testcase name="depositOperationsScreenTest" time="0.0" classname="letoapp.tests.OpenDepositScreensTest">
    <skipped/>
  </testcase> <!-- depositOperationsScreenTest -->
  <testcase name="loanScreenManagementTabVerify" time="0.0" classname="letoapp.tests.OpenLoanScreensTest">
    <skipped/>
  </testcase> <!-- loanScreenManagementTabVerify -->
  <testcase name="loanScreenManagementTabVerify" time="0.0" classname="letoapp.tests.PreclosedLoanScreensTest">
    <skipped/>
  </testcase> <!-- loanScreenManagementTabVerify -->
  <testcase name="cardScreenManagementTabVerify" time="0.0" classname="letoapp.tests.CardScreensTest">
    <skipped/>
  </testcase> <!-- cardScreenManagementTabVerify -->
  <testcase name="blockFundsFromManagementTabTest" time="0.0" classname="letoapp.tests.CardScreensTest">
    <skipped/>
  </testcase> <!-- blockFundsFromManagementTabTest -->
  <testcase name="openSkipPaymentTest" time="0.0" classname="letoapp.tests.OpenLoanScreensTest">
    <skipped/>
  </testcase> <!-- openSkipPaymentTest -->
  <testcase name="unblockFundsFromManagementTabTest" time="0.0" classname="letoapp.tests.CardScreensTest">
    <skipped/>
  </testcase> <!-- unblockFundsFromManagementTabTest -->
  <testcase name="openChangePaymentDateTest" time="0.0" classname="letoapp.tests.OpenLoanScreensTest">
    <skipped/>
  </testcase> <!-- openChangePaymentDateTest -->
  <testcase name="howWorksBlockFundsScreenFromManagementTabTest" time="0.0" classname="letoapp.tests.CardScreensTest">
    <skipped/>
  </testcase> <!-- howWorksBlockFundsScreenFromManagementTabTest -->
  <testcase name="changePaymentDateTest" time="0.0" classname="letoapp.tests.CardScreensTest">
    <skipped/>
  </testcase> <!-- changePaymentDateTest -->
  <testcase name="openReducePaymentServiceScreenTest" time="0.0" classname="letoapp.tests.OpenLoanScreensTest">
    <skipped/>
  </testcase> <!-- openReducePaymentServiceScreenTest -->
  <testcase name="connectingServicesScreenTest" time="0.0" classname="letoapp.tests.CardScreensTest">
    <skipped/>
  </testcase> <!-- connectingServicesScreenTest -->
  <testcase name="openEarlyRepaymentScreenTest" time="0.0" classname="letoapp.tests.OpenLoanScreensTest">
    <skipped/>
  </testcase> <!-- openEarlyRepaymentScreenTest -->
  <testcase name="openConnectingServicesScreenTest" time="0.0" classname="letoapp.tests.OpenLoanScreensTest">
    <skipped/>
  </testcase> <!-- openConnectingServicesScreenTest -->
  <testcase name="openConnectingServicesScreenTest" time="0.0" classname="letoapp.tests.PreclosedLoanScreensTest">
    <skipped/>
  </testcase> <!-- openConnectingServicesScreenTest -->
  <testcase name="exit" time="0.0" classname="letoapp.tests.OpenLoanScreensTest">
    <skipped/>
  </testcase> <!-- exit -->
  <testcase name="exit" time="0.0" classname="letoapp.tests.PreclosedLoanScreensTest">
    <skipped/>
  </testcase> <!-- exit -->
  <testcase name="exit" time="0.0" classname="letoapp.tests.CardScreensTest">
    <skipped/>
  </testcase> <!-- exit -->
  <testcase name="exit" time="0.0" classname="letoapp.tests.NotZeroWalletScreensTest">
    <skipped/>
  </testcase> <!-- exit -->
  <testcase name="exit" time="0.0" classname="letoapp.tests.OpenDepositScreensTest">
    <skipped/>
  </testcase> <!-- exit -->
  <testcase name="exit" time="0.0" classname="letoapp.tests.ZeroWalletScreensTest">
    <skipped/>
  </testcase> <!-- exit -->
</testsuite> <!-- Command line test -->
