<?xml version="1.0" encoding="UTF-8"?>
<testng-results skipped="0" failed="0" total="8" passed="8">
  <reporter-output>
  </reporter-output>
  <suite name="Default suite" duration-ms="119229" started-at="2015-09-16T13:22:27Z" finished-at="2015-09-16T13:24:27Z">
    <groups>
    </groups>
    <test name="Default test" duration-ms="119229" started-at="2015-09-16T13:22:27Z" finished-at="2015-09-16T13:24:27Z">
      <class name="letoapp.tests.CanceledDepositScreensTest">
        <test-method status="PASS" signature="setUpServer()[pri:0, instance:letoapp.tests.CanceledDepositScreensTest@4b553d26]" name="setUpServer" is-config="true" duration-ms="3597" started-at="2015-09-16T16:22:24Z" finished-at="2015-09-16T16:22:27Z">
          <reporter-output>
          </reporter-output>
        </test-method> <!-- setUpServer -->
        <test-method status="PASS" signature="setUp()[pri:0, instance:letoapp.tests.CanceledDepositScreensTest@4b553d26]" name="setUp" is-config="true" duration-ms="19471" started-at="2015-09-16T16:22:27Z" finished-at="2015-09-16T16:22:47Z">
          <reporter-output>
          </reporter-output>
        </test-method> <!-- setUp -->
        <test-method status="PASS" signature="auth()[pri:0, instance:letoapp.tests.CanceledDepositScreensTest@4b553d26]" name="auth" duration-ms="17125" started-at="2015-09-16T16:22:47Z" finished-at="2015-09-16T16:23:04Z">
          <reporter-output>
          </reporter-output>
        </test-method> <!-- auth -->
        <test-method status="PASS" signature="openDepositsListTest()[pri:0, instance:letoapp.tests.CanceledDepositScreensTest@4b553d26]" name="openDepositsListTest" duration-ms="2578" started-at="2015-09-16T16:23:04Z" depends-on-methods="letoapp.tests.CanceledDepositScreensTest.auth" finished-at="2015-09-16T16:23:07Z">
          <reporter-output>
          </reporter-output>
        </test-method> <!-- openDepositsListTest -->
        <test-method status="PASS" signature="openDepositFromDepositsListTest()[pri:0, instance:letoapp.tests.CanceledDepositScreensTest@4b553d26]" name="openDepositFromDepositsListTest" duration-ms="6805" started-at="2015-09-16T16:23:07Z" depends-on-methods="letoapp.tests.CanceledDepositScreensTest.auth" finished-at="2015-09-16T16:23:13Z">
          <reporter-output>
          </reporter-output>
        </test-method> <!-- openDepositFromDepositsListTest -->
        <test-method status="PASS" signature="depositScreenDepositTabVerify()[pri:0, instance:letoapp.tests.CanceledDepositScreensTest@4b553d26]" name="depositScreenDepositTabVerify" duration-ms="1867" started-at="2015-09-16T16:23:13Z" depends-on-methods="letoapp.tests.CanceledDepositScreensTest.openDepositFromDepositsListTest" finished-at="2015-09-16T16:23:15Z">
          <reporter-output>
          </reporter-output>
        </test-method> <!-- depositScreenDepositTabVerify -->
        <test-method status="PASS" signature="changeDisplayNameTest()[pri:0, instance:letoapp.tests.CanceledDepositScreensTest@4b553d26]" name="changeDisplayNameTest" duration-ms="33044" started-at="2015-09-16T16:23:15Z" depends-on-methods="letoapp.tests.CanceledDepositScreensTest.openDepositFromDepositsListTest" finished-at="2015-09-16T16:23:48Z">
          <reporter-output>
          </reporter-output>
        </test-method> <!-- changeDisplayNameTest -->
        <test-method status="PASS" signature="depositScreeenInfoTabVerify()[pri:0, instance:letoapp.tests.CanceledDepositScreensTest@4b553d26]" name="depositScreeenInfoTabVerify" duration-ms="5084" started-at="2015-09-16T16:23:48Z" depends-on-methods="letoapp.tests.CanceledDepositScreensTest.openDepositFromDepositsListTest" finished-at="2015-09-16T16:23:53Z">
          <reporter-output>
          </reporter-output>
        </test-method> <!-- depositScreeenInfoTabVerify -->
        <test-method status="PASS" signature="depositOperationsScreenTest()[pri:0, instance:letoapp.tests.CanceledDepositScreensTest@4b553d26]" name="depositOperationsScreenTest" duration-ms="22979" started-at="2015-09-16T16:23:53Z" depends-on-methods="letoapp.tests.CanceledDepositScreensTest.openDepositFromDepositsListTest" finished-at="2015-09-16T16:24:16Z">
          <reporter-output>
          </reporter-output>
        </test-method> <!-- depositOperationsScreenTest -->
        <test-method status="PASS" signature="exit()[pri:0, instance:letoapp.tests.CanceledDepositScreensTest@4b553d26]" name="exit" duration-ms="8994" started-at="2015-09-16T16:24:16Z" depends-on-methods="letoapp.tests.CanceledDepositScreensTest.openDepositFromDepositsListTest" finished-at="2015-09-16T16:24:25Z">
          <reporter-output>
          </reporter-output>
        </test-method> <!-- exit -->
        <test-method status="PASS" signature="tearDown()[pri:0, instance:letoapp.tests.CanceledDepositScreensTest@4b553d26]" name="tearDown" is-config="true" duration-ms="1270" started-at="2015-09-16T16:24:25Z" finished-at="2015-09-16T16:24:27Z">
          <reporter-output>
          </reporter-output>
        </test-method> <!-- tearDown -->
        <test-method status="PASS" signature="tearDownServer()[pri:0, instance:letoapp.tests.CanceledDepositScreensTest@4b553d26]" name="tearDownServer" is-config="true" duration-ms="2" started-at="2015-09-16T16:24:27Z" finished-at="2015-09-16T16:24:27Z">
          <reporter-output>
          </reporter-output>
        </test-method> <!-- tearDownServer -->
      </class> <!-- letoapp.tests.CanceledDepositScreensTest -->
    </test> <!-- Default test -->
  </suite> <!-- Default suite -->
</testng-results>
