<?xml version="1.0" encoding="UTF-8"?>
<testng-results skipped="0" failed="0" total="14" passed="14">
  <reporter-output>
  </reporter-output>
  <suite name="Default suite" duration-ms="176475" started-at="2015-09-17T12:04:51Z" finished-at="2015-09-17T12:07:47Z">
    <groups>
    </groups>
    <test name="Default test" duration-ms="176475" started-at="2015-09-17T12:04:51Z" finished-at="2015-09-17T12:07:47Z">
      <class name="letoapp.tests.OpenDepositScreensTest">
        <test-method status="PASS" signature="setUpServer()[pri:0, instance:letoapp.tests.OpenDepositScreensTest@4b553d26]" name="setUpServer" is-config="true" duration-ms="3936" started-at="2015-09-17T15:04:47Z" finished-at="2015-09-17T15:04:51Z">
          <reporter-output>
          </reporter-output>
        </test-method> <!-- setUpServer -->
        <test-method status="PASS" signature="setUp()[pri:0, instance:letoapp.tests.OpenDepositScreensTest@4b553d26]" name="setUp" is-config="true" duration-ms="17236" started-at="2015-09-17T15:04:51Z" finished-at="2015-09-17T15:05:08Z">
          <reporter-output>
          </reporter-output>
        </test-method> <!-- setUp -->
        <test-method status="PASS" signature="auth()[pri:0, instance:letoapp.tests.OpenDepositScreensTest@4b553d26]" name="auth" duration-ms="22672" started-at="2015-09-17T15:05:08Z" finished-at="2015-09-17T15:05:31Z">
          <reporter-output>
          </reporter-output>
        </test-method> <!-- auth -->
        <test-method status="PASS" signature="openDepositTest()[pri:0, instance:letoapp.tests.OpenDepositScreensTest@4b553d26]" name="openDepositTest" duration-ms="9158" started-at="2015-09-17T15:05:31Z" depends-on-methods="letoapp.tests.OpenDepositScreensTest.auth" finished-at="2015-09-17T15:05:40Z">
          <reporter-output>
          </reporter-output>
        </test-method> <!-- openDepositTest -->
        <test-method status="PASS" signature="depositScreenDepositTabVerify()[pri:0, instance:letoapp.tests.OpenDepositScreensTest@4b553d26]" name="depositScreenDepositTabVerify" duration-ms="2523" started-at="2015-09-17T15:05:40Z" depends-on-methods="letoapp.tests.OpenDepositScreensTest.openDepositTest" finished-at="2015-09-17T15:05:42Z">
          <reporter-output>
          </reporter-output>
        </test-method> <!-- depositScreenDepositTabVerify -->
        <test-method status="PASS" signature="changeDisplayNameTest()[pri:0, instance:letoapp.tests.OpenDepositScreensTest@4b553d26]" name="changeDisplayNameTest" duration-ms="30166" started-at="2015-09-17T15:05:42Z" depends-on-methods="letoapp.tests.OpenDepositScreensTest.openDepositTest" finished-at="2015-09-17T15:06:13Z">
          <reporter-output>
          </reporter-output>
        </test-method> <!-- changeDisplayNameTest -->
        <test-method status="PASS" signature="unwrapDepositInfoTest()[pri:0, instance:letoapp.tests.OpenDepositScreensTest@4b553d26]" name="unwrapDepositInfoTest" duration-ms="4125" started-at="2015-09-17T15:06:13Z" depends-on-methods="letoapp.tests.OpenDepositScreensTest.openDepositTest" finished-at="2015-09-17T15:06:17Z">
          <reporter-output>
          </reporter-output>
        </test-method> <!-- unwrapDepositInfoTest -->
        <test-method status="PASS" signature="unwrapDepositBreakdownTest()[pri:0, instance:letoapp.tests.OpenDepositScreensTest@4b553d26]" name="unwrapDepositBreakdownTest" duration-ms="3990" started-at="2015-09-17T15:06:17Z" depends-on-methods="letoapp.tests.OpenDepositScreensTest.openDepositTest" finished-at="2015-09-17T15:06:21Z">
          <reporter-output>
          </reporter-output>
        </test-method> <!-- unwrapDepositBreakdownTest -->
        <test-method status="PASS" signature="whatIfScreenTest()[pri:0, instance:letoapp.tests.OpenDepositScreensTest@4b553d26]" name="whatIfScreenTest" duration-ms="2258" started-at="2015-09-17T15:06:21Z" depends-on-methods="letoapp.tests.OpenDepositScreensTest.openDepositTest" finished-at="2015-09-17T15:06:23Z">
          <reporter-output>
          </reporter-output>
        </test-method> <!-- whatIfScreenTest -->
        <test-method status="PASS" signature="openInLetoBankOfficesScreenTest()[pri:0, instance:letoapp.tests.OpenDepositScreensTest@4b553d26]" name="openInLetoBankOfficesScreenTest" duration-ms="12045" started-at="2015-09-17T15:06:23Z" depends-on-methods="letoapp.tests.OpenDepositScreensTest.openDepositTest" finished-at="2015-09-17T15:06:35Z">
          <reporter-output>
          </reporter-output>
        </test-method> <!-- openInLetoBankOfficesScreenTest -->
        <test-method status="PASS" signature="getQRCodeTest()[pri:0, instance:letoapp.tests.OpenDepositScreensTest@4b553d26]" name="getQRCodeTest" duration-ms="7084" started-at="2015-09-17T15:06:35Z" depends-on-methods="letoapp.tests.OpenDepositScreensTest.openDepositTest" finished-at="2015-09-17T15:06:42Z">
          <reporter-output>
          </reporter-output>
        </test-method> <!-- getQRCodeTest -->
        <test-method status="PASS" signature="openAnotherBankPaymentScreenTest()[pri:0, instance:letoapp.tests.OpenDepositScreensTest@4b553d26]" name="openAnotherBankPaymentScreenTest" duration-ms="12710" started-at="2015-09-17T15:06:42Z" depends-on-methods="letoapp.tests.OpenDepositScreensTest.openDepositTest" finished-at="2015-09-17T15:06:55Z">
          <reporter-output>
          </reporter-output>
        </test-method> <!-- openAnotherBankPaymentScreenTest -->
        <test-method status="PASS" signature="openPaymentSystemsTerminalsScreenTest()[pri:0, instance:letoapp.tests.OpenDepositScreensTest@4b553d26]" name="openPaymentSystemsTerminalsScreenTest" duration-ms="12671" started-at="2015-09-17T15:06:55Z" depends-on-methods="letoapp.tests.OpenDepositScreensTest.openDepositTest" finished-at="2015-09-17T15:07:07Z">
          <reporter-output>
          </reporter-output>
        </test-method> <!-- openPaymentSystemsTerminalsScreenTest -->
        <test-method status="PASS" signature="depositScreeenInfoTabVerify()[pri:0, instance:letoapp.tests.OpenDepositScreensTest@4b553d26]" name="depositScreeenInfoTabVerify" duration-ms="11137" started-at="2015-09-17T15:07:07Z" depends-on-methods="letoapp.tests.OpenDepositScreensTest.openDepositTest" finished-at="2015-09-17T15:07:19Z">
          <reporter-output>
          </reporter-output>
        </test-method> <!-- depositScreeenInfoTabVerify -->
        <test-method status="PASS" signature="depositOperationsScreenTest()[pri:0, instance:letoapp.tests.OpenDepositScreensTest@4b553d26]" name="depositOperationsScreenTest" duration-ms="19954" started-at="2015-09-17T15:07:19Z" depends-on-methods="letoapp.tests.OpenDepositScreensTest.openDepositTest" finished-at="2015-09-17T15:07:39Z">
          <reporter-output>
          </reporter-output>
        </test-method> <!-- depositOperationsScreenTest -->
        <test-method status="PASS" signature="exit()[pri:0, instance:letoapp.tests.OpenDepositScreensTest@4b553d26]" name="exit" duration-ms="7571" started-at="2015-09-17T15:07:39Z" depends-on-methods="letoapp.tests.OpenDepositScreensTest.openDepositTest" finished-at="2015-09-17T15:07:46Z">
          <reporter-output>
          </reporter-output>
        </test-method> <!-- exit -->
        <test-method status="PASS" signature="tearDown()[pri:0, instance:letoapp.tests.OpenDepositScreensTest@4b553d26]" name="tearDown" is-config="true" duration-ms="1161" started-at="2015-09-17T15:07:46Z" finished-at="2015-09-17T15:07:47Z">
          <reporter-output>
          </reporter-output>
        </test-method> <!-- tearDown -->
        <test-method status="PASS" signature="tearDownServer()[pri:0, instance:letoapp.tests.OpenDepositScreensTest@4b553d26]" name="tearDownServer" is-config="true" duration-ms="1" started-at="2015-09-17T15:07:47Z" finished-at="2015-09-17T15:07:47Z">
          <reporter-output>
          </reporter-output>
        </test-method> <!-- tearDownServer -->
      </class> <!-- letoapp.tests.OpenDepositScreensTest -->
    </test> <!-- Default test -->
  </suite> <!-- Default suite -->
</testng-results>
